0 info it worked if it ends with ok
1 verbose cli [ '/usr/local/bin/node', '/usr/local/bin/npm', 'install', 'node' ]
2 info using npm@3.7.3
3 info using node@v5.9.0
4 silly loadCurrentTree Starting
5 silly install loadCurrentTree
6 silly install readLocalPackageData
7 silly fetchPackageMetaData node
8 silly fetchOtherPackageData node
9 silly cache add args [ 'node', null ]
10 verbose cache add spec node
11 silly cache add parsed spec Result {
11 silly cache add   raw: 'node',
11 silly cache add   scope: null,
11 silly cache add   name: null,
11 silly cache add   rawSpec: 'node',
11 silly cache add   spec: '/Users/danielguest/Projects/daneastpoint.github.io/node',
11 silly cache add   type: 'local' }
12 silly addLocalTarball shasum (computed) da39a3ee5e6b4b0d3255bfef95601890afd80709
13 verbose addTmpTarball /Users/danielguest/Projects/daneastpoint.github.io/node not in flight; adding
14 verbose correctMkdir /Users/danielguest/.npm correctMkdir not in flight; initializing
15 verbose addTmpTarball validating metadata from /Users/danielguest/Projects/daneastpoint.github.io/node
16 verbose tar unpack /Users/danielguest/Projects/daneastpoint.github.io/node
17 verbose tar unpacking to /var/folders/np/8d8t7_19651dww675zq0f0fw0000gn/T/npm-8617-fea8e479/unpack-ae8df4bc
18 silly gentlyRm /var/folders/np/8d8t7_19651dww675zq0f0fw0000gn/T/npm-8617-fea8e479/unpack-ae8df4bc is being purged
19 verbose gentlyRm don't care about contents; nuking /var/folders/np/8d8t7_19651dww675zq0f0fw0000gn/T/npm-8617-fea8e479/unpack-ae8df4bc
20 silly gunzTarPerm modes [ '755', '644' ]
21 error tar.unpack error reading /Users/danielguest/Projects/daneastpoint.github.io/node
22 error addLocal Could not install /Users/danielguest/Projects/daneastpoint.github.io/node
23 silly fetchPackageMetaData Error: 0-byte tarball
23 silly fetchPackageMetaData Please run `npm cache clean`
23 silly fetchPackageMetaData     at /usr/local/lib/node_modules/npm/lib/utils/tar.js:262:14
23 silly fetchPackageMetaData     at FSReqWrap.oncomplete (fs.js:82:15)
23 silly fetchPackageMetaData  error for node [Error: 0-byte tarball
23 silly fetchPackageMetaData Please run `npm cache clean`]
24 silly rollbackFailedOptional Starting
25 silly rollbackFailedOptional Finishing
26 silly runTopLevelLifecycles Starting
27 silly runTopLevelLifecycles Finishing
28 silly install printInstalled
29 verbose stack Error: 0-byte tarball
29 verbose stack Please run `npm cache clean`
29 verbose stack     at /usr/local/lib/node_modules/npm/lib/utils/tar.js:262:14
29 verbose stack     at FSReqWrap.oncomplete (fs.js:82:15)
30 verbose cwd /Users/danielguest/Projects/daneastpoint.github.io
31 error Darwin 14.5.0
32 error argv "/usr/local/bin/node" "/usr/local/bin/npm" "install" "node"
33 error node v5.9.0
34 error npm  v3.7.3
35 error 0-byte tarball
35 error Please run `npm cache clean`
36 error If you need help, you may report this error at:
36 error     <https://github.com/npm/npm/issues>
37 verbose exit [ 1, true ]
